This is pdfTeX, Version 3.14159265-2.6-1.40.18 (TeX Live 2017) (preloaded format=pdflatex 2017.7.18)  3 JAN 2019 11:12
entering extended mode
 restricted \write18 enabled.
 %&-line parsing enabled.
**main.tex
(./main.tex
LaTeX2e <2017-04-15>
Babel <3.10> and hyphenation patterns for 84 language(s) loaded.
(/usr/local/texlive/2017/texmf-dist/tex/latex/base/article.cls
Document Class: article 2014/09/29 v1.4h Standard LaTeX document class
(/usr/local/texlive/2017/texmf-dist/tex/latex/base/size10.clo
File: size10.clo 2014/09/29 v1.4h Standard LaTeX file (size option)
)
\c@part=\count79
\c@section=\count80
\c@subsection=\count81
\c@subsubsection=\count82
\c@paragraph=\count83
\c@subparagraph=\count84
\c@figure=\count85
\c@table=\count86
\abovecaptionskip=\skip41
\belowcaptionskip=\skip42
\bibindent=\dimen102
) (./cvpr.sty
(./eso-pic.sty
Package: eso-pic 2002/11/16 v1.1b eso-pic (RN)
 (./cvpr_eso.sty

LaTeX Warning: You have requested package `eso-pic',
               but the package provides `everyshi'.

Package: everyshi 2001/05/15 v3.00 EveryShipout Package (MS)
) (/usr/local/texlive/2017/texmf-dist/tex/latex/graphics/keyval.sty
Package: keyval 2014/10/28 v1.15 key=value parser (DPC)
\KV@toks@=\toks14
))
(/usr/local/texlive/2017/texmf-dist/tex/latex/tools/xspace.sty
Package: xspace 2014/10/28 v1.13 Space after command names (DPC,MH)
)
CVPR 8.5 x 11-Inch Proceedings Style `cvpr.sty'.
\@ctmp=\skip43
\@figindent=\skip44
\cvprrulerbox=\box26
\cvprrulercount=\count87
\cvprruleroffset=\dimen103
\cv@lineheight=\dimen104
\cv@boxheight=\dimen105
\cv@tmpbox=\box27
\cv@refno=\count88
\cv@tot=\count89
\cv@tmpc@=\count90
\cv@tmpc=\count91
) (/usr/local/texlive/2017/texmf-dist/tex/latex/tools/bm.sty
Package: bm 2017/01/16 v1.2c Bold Symbol Support (DPC/FMi)
\symboldoperators=\mathgroup4
\symboldletters=\mathgroup5
\symboldsymbols=\mathgroup6
LaTeX Font Info:    Redeclaring math alphabet \mathbf on input line 141.
LaTeX Info: Redefining \bm on input line 207.
)
(/usr/local/texlive/2017/texmf-dist/tex/latex/psnfss/times.sty
Package: times 2005/04/12 PSNFSS-v9.2a (SPQR) 
)
(/usr/local/texlive/2017/texmf-dist/tex/latex/graphics/epsfig.sty
Package: epsfig 1999/02/16 v1.7a (e)psfig emulation (SPQR)

(/usr/local/texlive/2017/texmf-dist/tex/latex/graphics/graphicx.sty
Package: graphicx 2014/10/28 v1.0g Enhanced LaTeX Graphics (DPC,SPQR)

(/usr/local/texlive/2017/texmf-dist/tex/latex/graphics/graphics.sty
Package: graphics 2017/04/14 v1.1b Standard LaTeX Graphics (DPC,SPQR)

(/usr/local/texlive/2017/texmf-dist/tex/latex/graphics/trig.sty
Package: trig 2016/01/03 v1.10 sin cos tan (DPC)
)
(/usr/local/texlive/2017/texmf-dist/tex/latex/graphics-cfg/graphics.cfg
File: graphics.cfg 2016/06/04 v1.11 sample graphics configuration
)
Package graphics Info: Driver file: pdftex.def on input line 99.

(/usr/local/texlive/2017/texmf-dist/tex/latex/graphics-def/pdftex.def
File: pdftex.def 2017/01/12 v0.06k Graphics/color for pdfTeX

(/usr/local/texlive/2017/texmf-dist/tex/generic/oberdiek/infwarerr.sty
Package: infwarerr 2016/05/16 v1.4 Providing info/warning/error messages (HO)
)
(/usr/local/texlive/2017/texmf-dist/tex/generic/oberdiek/ltxcmds.sty
Package: ltxcmds 2016/05/16 v1.23 LaTeX kernel commands for general use (HO)
)
\Gread@gobject=\count92
))
\Gin@req@height=\dimen106
\Gin@req@width=\dimen107
)
\epsfxsize=\dimen108
\epsfysize=\dimen109
)
(/usr/local/texlive/2017/texmf-dist/tex/latex/amsmath/amsmath.sty
Package: amsmath 2016/11/05 v2.16a AMS math features
\@mathmargin=\skip45

For additional information on amsmath, use the `?' option.
(/usr/local/texlive/2017/texmf-dist/tex/latex/amsmath/amstext.sty
Package: amstext 2000/06/29 v2.01 AMS text

(/usr/local/texlive/2017/texmf-dist/tex/latex/amsmath/amsgen.sty
File: amsgen.sty 1999/11/30 v2.0 generic functions
\@emptytoks=\toks15
\ex@=\dimen110
))
(/usr/local/texlive/2017/texmf-dist/tex/latex/amsmath/amsbsy.sty
Package: amsbsy 1999/11/29 v1.2d Bold Symbols
LaTeX Info: Redefining \boldsymbol on input line 28.
\pmbraise@=\dimen111
)
(/usr/local/texlive/2017/texmf-dist/tex/latex/amsmath/amsopn.sty
Package: amsopn 2016/03/08 v2.02 operator names
)
\inf@bad=\count93
LaTeX Info: Redefining \frac on input line 213.
\uproot@=\count94
\leftroot@=\count95
LaTeX Info: Redefining \overline on input line 375.
\classnum@=\count96
\DOTSCASE@=\count97
LaTeX Info: Redefining \ldots on input line 472.
LaTeX Info: Redefining \dots on input line 475.
LaTeX Info: Redefining \cdots on input line 596.
\Mathstrutbox@=\box28
\strutbox@=\box29
\big@size=\dimen112
LaTeX Font Info:    Redeclaring font encoding OML on input line 712.
LaTeX Font Info:    Redeclaring font encoding OMS on input line 713.
\macc@depth=\count98
\c@MaxMatrixCols=\count99
\dotsspace@=\muskip10
\c@parentequation=\count100
\dspbrk@lvl=\count101
\tag@help=\toks16
\row@=\count102
\column@=\count103
\maxfields@=\count104
\andhelp@=\toks17
\eqnshift@=\dimen113
\alignsep@=\dimen114
\tagshift@=\dimen115
\tagwidth@=\dimen116
\totwidth@=\dimen117
\lineht@=\dimen118
\@envbody=\toks18
\multlinegap=\skip46
\multlinetaggap=\skip47
\mathdisplay@stack=\toks19
LaTeX Info: Redefining \[ on input line 2817.
LaTeX Info: Redefining \] on input line 2818.
)
(/usr/local/texlive/2017/texmf-dist/tex/latex/amsfonts/amssymb.sty
Package: amssymb 2013/01/14 v3.01 AMS font symbols

(/usr/local/texlive/2017/texmf-dist/tex/latex/amsfonts/amsfonts.sty
Package: amsfonts 2013/01/14 v3.01 Basic AMSFonts support
\symAMSa=\mathgroup7
\symAMSb=\mathgroup8
LaTeX Font Info:    Overwriting math alphabet `\mathfrak' in version `bold'
(Font)                  U/euf/m/n --> U/euf/b/n on input line 106.
))
(/usr/local/texlive/2017/texmf-dist/tex/latex/multirow/multirow.sty
Package: multirow 2016/11/25 v2.2 Span multiple rows of a table
\multirow@colwidth=\skip48
\multirow@cntb=\count105
\multirow@dima=\skip49
\bigstrutjot=\dimen119
)
(/usr/local/texlive/2017/texmf-dist/tex/latex/subfigure/subfigure.sty
Package: subfigure 2002/03/15 v2.1.5 subfigure package
\subfigtopskip=\skip50
\subfigcapskip=\skip51
\subfigcaptopadj=\dimen120
\subfigbottomskip=\skip52
\subfigcapmargin=\dimen121
\subfiglabelskip=\skip53
\c@subfigure=\count106
\c@lofdepth=\count107
\c@subtable=\count108
\c@lotdepth=\count109

****************************************
* Local config file subfigure.cfg used *
****************************************
(/usr/local/texlive/2017/texmf-dist/tex/latex/subfigure/subfigure.cfg)
\subfig@top=\skip54
\subfig@bottom=\skip55
)
(/usr/local/texlive/2017/texmf-dist/tex/latex/hyperref/hyperref.sty
Package: hyperref 2017/03/14 v6.85a Hypertext links for LaTeX

(/usr/local/texlive/2017/texmf-dist/tex/generic/oberdiek/hobsub-hyperref.sty
Package: hobsub-hyperref 2016/05/16 v1.14 Bundle oberdiek, subset hyperref (HO)


(/usr/local/texlive/2017/texmf-dist/tex/generic/oberdiek/hobsub-generic.sty
Package: hobsub-generic 2016/05/16 v1.14 Bundle oberdiek, subset generic (HO)
Package: hobsub 2016/05/16 v1.14 Construct package bundles (HO)
Package hobsub Info: Skipping package `infwarerr' (already loaded).
Package hobsub Info: Skipping package `ltxcmds' (already loaded).
Package: ifluatex 2016/05/16 v1.4 Provides the ifluatex switch (HO)
Package ifluatex Info: LuaTeX not detected.
Package: ifvtex 2016/05/16 v1.6 Detect VTeX and its facilities (HO)
Package ifvtex Info: VTeX not detected.
Package: intcalc 2016/05/16 v1.2 Expandable calculations with integers (HO)
Package: ifpdf 2017/03/15 v3.2 Provides the ifpdf switch
Package: etexcmds 2016/05/16 v1.6 Avoid name clashes with e-TeX commands (HO)
Package etexcmds Info: Could not find \expanded.
(etexcmds)             That can mean that you are not using pdfTeX 1.50 or
(etexcmds)             that some package has redefined \expanded.
(etexcmds)             In the latter case, load this package earlier.
Package: kvsetkeys 2016/05/16 v1.17 Key value parser (HO)
Package: kvdefinekeys 2016/05/16 v1.4 Define keys (HO)
Package: pdftexcmds 2017/03/19 v0.25 Utility functions of pdfTeX for LuaTeX (HO
)
Package pdftexcmds Info: LuaTeX not detected.
Package pdftexcmds Info: \pdf@primitive is available.
Package pdftexcmds Info: \pdf@ifprimitive is available.
Package pdftexcmds Info: \pdfdraftmode found.
Package: pdfescape 2016/05/16 v1.14 Implements pdfTeX's escape features (HO)
Package: bigintcalc 2016/05/16 v1.4 Expandable calculations on big integers (HO
)
Package: bitset 2016/05/16 v1.2 Handle bit-vector datatype (HO)
Package: uniquecounter 2016/05/16 v1.3 Provide unlimited unique counter (HO)
)
Package hobsub Info: Skipping package `hobsub' (already loaded).
Package: letltxmacro 2016/05/16 v1.5 Let assignment for LaTeX macros (HO)
Package: hopatch 2016/05/16 v1.3 Wrapper for package hooks (HO)
Package: xcolor-patch 2016/05/16 xcolor patch
Package: atveryend 2016/05/16 v1.9 Hooks at the very end of document (HO)
Package atveryend Info: \enddocument detected (standard20110627).
Package: atbegshi 2016/06/09 v1.18 At begin shipout hook (HO)
Package: refcount 2016/05/16 v3.5 Data extraction from label references (HO)
Package: hycolor 2016/05/16 v1.8 Color options for hyperref/bookmark (HO)
)
(/usr/local/texlive/2017/texmf-dist/tex/generic/ifxetex/ifxetex.sty
Package: ifxetex 2010/09/12 v0.6 Provides ifxetex conditional
)
(/usr/local/texlive/2017/texmf-dist/tex/latex/oberdiek/auxhook.sty
Package: auxhook 2016/05/16 v1.4 Hooks for auxiliary files (HO)
)
(/usr/local/texlive/2017/texmf-dist/tex/latex/oberdiek/kvoptions.sty
Package: kvoptions 2016/05/16 v3.12 Key value format for package options (HO)
)
\@linkdim=\dimen122
\Hy@linkcounter=\count110
\Hy@pagecounter=\count111

(/usr/local/texlive/2017/texmf-dist/tex/latex/hyperref/pd1enc.def
File: pd1enc.def 2017/03/14 v6.85a Hyperref: PDFDocEncoding definition (HO)
)
\Hy@SavedSpaceFactor=\count112

(/usr/local/texlive/2017/texmf-dist/tex/latex/latexconfig/hyperref.cfg
File: hyperref.cfg 2002/06/06 v1.2 hyperref configuration of TeXLive
)
Package hyperref Info: Option `colorlinks' set `true' on input line 4374.
Package hyperref Info: Option `breaklinks' set `true' on input line 4374.
Package hyperref Info: Option `bookmarks' set `false' on input line 4374.
Package hyperref Info: Hyper figures OFF on input line 4498.
Package hyperref Info: Link nesting OFF on input line 4503.
Package hyperref Info: Hyper index ON on input line 4506.
Package hyperref Info: Plain pages OFF on input line 4513.
Package hyperref Info: Backreferencing OFF on input line 4518.
Package hyperref Info: Implicit mode ON; LaTeX internals redefined.
Package hyperref Info: Bookmarks OFF on input line 4757.
\c@Hy@tempcnt=\count113

(/usr/local/texlive/2017/texmf-dist/tex/latex/url/url.sty
\Urlmuskip=\muskip11
Package: url 2013/09/16  ver 3.4  Verb mode for urls, etc.
)
LaTeX Info: Redefining \url on input line 5104.
\XeTeXLinkMargin=\dimen123
\Fld@menulength=\count114
\Field@Width=\dimen124
\Fld@charsize=\dimen125
Package hyperref Info: Hyper figures OFF on input line 6358.
Package hyperref Info: Link nesting OFF on input line 6363.
Package hyperref Info: Hyper index ON on input line 6366.
Package hyperref Info: backreferencing OFF on input line 6373.
Package hyperref Info: Link coloring ON on input line 6376.
Package hyperref Info: Link coloring with OCG OFF on input line 6383.
Package hyperref Info: PDF/A mode OFF on input line 6388.
LaTeX Info: Redefining \ref on input line 6428.
LaTeX Info: Redefining \pageref on input line 6432.
\Hy@abspage=\count115
\c@Item=\count116
\c@Hfootnote=\count117
)

Package hyperref Message: Driver (autodetected): hpdftex.

(/usr/local/texlive/2017/texmf-dist/tex/latex/hyperref/hpdftex.def
File: hpdftex.def 2017/03/14 v6.85a Hyperref driver for pdfTeX
\Fld@listcount=\count118
\c@bookmark@seq@number=\count119

(/usr/local/texlive/2017/texmf-dist/tex/latex/oberdiek/rerunfilecheck.sty
Package: rerunfilecheck 2016/05/16 v1.8 Rerun checks for auxiliary files (HO)
Package uniquecounter Info: New unique counter `rerunfilecheck' on input line 2
82.
)
\Hy@SectionHShift=\skip56
)
(/usr/local/texlive/2017/texmf-dist/tex/latex/tools/indentfirst.sty
Package: indentfirst 1995/11/23 v1.03 Indent first paragraph (DPC)
)
(/usr/local/texlive/2017/texmf-dist/tex/latex/algorithmicx/algpseudocode.sty
Package: algpseudocode 

(/usr/local/texlive/2017/texmf-dist/tex/latex/base/ifthen.sty
Package: ifthen 2014/09/29 v1.1c Standard LaTeX ifthen package (DPC)
)
(/usr/local/texlive/2017/texmf-dist/tex/latex/algorithmicx/algorithmicx.sty
Package: algorithmicx 2005/04/27 v1.2 Algorithmicx

Document Style algorithmicx 1.2 - a greatly improved `algorithmic' style
\c@ALG@line=\count120
\c@ALG@rem=\count121
\c@ALG@nested=\count122
\ALG@tlm=\skip57
\ALG@thistlm=\skip58
\c@ALG@Lnr=\count123
\c@ALG@blocknr=\count124
\c@ALG@storecount=\count125
\c@ALG@tmpcounter=\count126
\ALG@tmplength=\skip59
)
Document Style - pseudocode environments for use with the `algorithmicx' style
) (/usr/local/texlive/2017/texmf-dist/tex/latex/algorithm2e/algorithm2e.sty
Package: algorithm2e 2013/01/06 v5.00 algorithms environments
\c@AlgoLine=\count127
\algocf@hangindent=\skip60

(/usr/local/texlive/2017/texmf-dist/tex/latex/relsize/relsize.sty
Package: relsize 2013/03/29 ver 4.1
)
********************************************************
Package `algorithm2e' Release 5.1 -- october 19 2015 --
- algorithm2e-announce@lirmm.fr mailing list for announcement about releases
- algorithm2e-discussion@lirmm.fr mailing list for discussion about package
subscribe by emailing sympa@lirmm.fr with 'subscribe <list> <firstname name>'
- Author: Christophe Fiorio (christophe.fiorio@umontpellier.fr)
********************************************************
\skiptotal=\skip61
\skiplinenumber=\skip62
\skiprule=\skip63
\skiphlne=\skip64
\skiptext=\skip65
\skiplength=\skip66
\algomargin=\skip67
\skipalgocfslide=\skip68
\algowidth=\dimen126
\inoutsize=\dimen127
\inoutindent=\dimen128
\interspacetitleruled=\dimen129
\interspacealgoruled=\dimen130
\interspacetitleboxruled=\dimen131
\algocf@ruledwidth=\skip69
\algocf@inoutbox=\box30
\algocf@inputbox=\box31
\AlCapSkip=\skip70
\AlCapHSkip=\skip71
\algoskipindent=\skip72
\algocf@nlbox=\box32
\algocf@hangingbox=\box33
\algocf@untilbox=\box34
\algocf@skipuntil=\skip73
\algocf@capbox=\box35
\algoheightruledefault=\skip74
\algoheightrule=\skip75
\algotitleheightruledefault=\skip76
\algotitleheightrule=\skip77
\c@algocfline=\count128
\c@algocfproc=\count129
\c@algocf=\count130
\algocf@algoframe=\box36
\algocf@algobox=\box37
) (/usr/local/texlive/2017/texmf-dist/tex/latex/mwe/mwe.sty
Package: mwe 2012/05/15 v0.3 Package to support minimal working examples (MWE)

(/usr/local/texlive/2017/texmf-dist/tex/latex/lipsum/lipsum.sty
Package: lipsum 2014/07/27 v1.3 150 paragraphs of Lorem Ipsum dummy text
\c@lips@count=\count131
)
(/usr/local/texlive/2017/texmf-dist/tex/latex/blindtext/blindtext.sty
Package: blindtext 2012/01/06 V2.0 blindtext-Package
\c@blindtext=\count132
\c@Blindtext=\count133
\c@blind@countparstart=\count134
\blind@countxx=\count135
\blindtext@numBlindtext=\count136
\blind@countyy=\count137
\c@blindlist=\count138
\c@blindlistlevel=\count139
\c@blindlist@level=\count140
\blind@listitem=\count141
\c@blind@listcount=\count142
\c@blind@levelcount=\count143
\blind@mathformula=\count144
\blind@Mathformula=\count145
\c@blind@randomcount=\count146
\c@blind@randommax=\count147
\c@blind@pangramcount=\count148
\c@blind@pangrammax=\count149
))
(/usr/local/texlive/2017/texmf-dist/tex/latex/float/float.sty
Package: float 2001/11/08 v1.3d Float enhancements (AL)
\c@float@type=\count150
\float@exts=\toks20
\float@box=\box38
\@float@everytoks=\toks21
\@floatcapt=\box39
)
(/usr/local/texlive/2017/texmf-dist/tex/latex/was/gensymb.sty
Package: gensymb 2003/07/02 v1.0 (WaS)
)
(/usr/local/texlive/2017/texmf-dist/tex/latex/amscls/amsthm.sty
Package: amsthm 2015/03/04 v2.20.2
\thm@style=\toks22
\thm@bodyfont=\toks23
\thm@headfont=\toks24
\thm@notefont=\toks25
\thm@headpunct=\toks26
\thm@preskip=\skip78
\thm@postskip=\skip79
\thm@headsep=\skip80
\dth@everypar=\toks27
)
(/usr/local/texlive/2017/texmf-dist/tex/latex/tools/tabularx.sty
Package: tabularx 2016/02/03 v2.11 `tabularx' package (DPC)

(/usr/local/texlive/2017/texmf-dist/tex/latex/tools/array.sty
Package: array 2016/10/06 v2.4d Tabular extension package (FMi)
\col@sep=\dimen132
\extrarowheight=\dimen133
\NC@list=\toks28
\extratabsurround=\skip81
\backup@length=\skip82
)
\TX@col@width=\dimen134
\TX@old@table=\dimen135
\TX@old@col=\dimen136
\TX@target=\dimen137
\TX@delta=\dimen138
\TX@cols=\count151
\TX@ftn=\toks29
)
(/usr/local/texlive/2017/texmf-dist/tex/latex/diagbox/diagbox.sty
Package: diagbox 2016/12/28 v2.2 Making table heads with diagonal lines

(/usr/local/texlive/2017/texmf-dist/tex/latex/pict2e/pict2e.sty
Package: pict2e 2016/02/05 v0.3b Improved picture commands (HjG,RN,JT)

(/usr/local/texlive/2017/texmf-dist/tex/latex/pict2e/pict2e.cfg
File: pict2e.cfg 2016/02/05 v0.1u pict2e configuration for teTeX/TeXLive
)
Package pict2e Info: Driver file: pdftex.def on input line 119.
Package pict2e Info: Driver file for pict2e: p2e-pdftex.def on input line 121.

(/usr/local/texlive/2017/texmf-dist/tex/latex/pict2e/p2e-pdftex.def
File: p2e-pdftex.def 2016/02/05 v0.1u Driver-dependant file (RN,HjG,JT)
)
\pIIe@GRAPH=\toks30
\@arclen=\dimen139
\@arcrad=\dimen140
\@tempdimd=\dimen141
)
(/usr/local/texlive/2017/texmf-dist/tex/latex/fp/fp.sty
Package: fp 1995/04/02

`Fixed Point Package', Version 0.8, April 2, 1995 (C) Michael Mehlich
(/usr/local/texlive/2017/texmf-dist/tex/latex/fp/defpattern.sty
Package: defpattern 1994/10/12
\actioncount=\count152
)
(/usr/local/texlive/2017/texmf-dist/tex/latex/fp/fp-basic.sty
Package: fp-basic 1996/05/13
\FP@xs=\count153
\FP@xia=\count154
\FP@xib=\count155
\FP@xfa=\count156
\FP@xfb=\count157
\FP@rega=\count158
\FP@regb=\count159
\FP@regs=\count160
\FP@times=\count161
)
(/usr/local/texlive/2017/texmf-dist/tex/latex/fp/fp-addons.sty
Package: fp-addons 1995/03/15
)
(/usr/local/texlive/2017/texmf-dist/tex/latex/fp/fp-snap.sty
Package: fp-snap 1995/04/05
)
(/usr/local/texlive/2017/texmf-dist/tex/latex/fp/fp-exp.sty
Package: fp-exp 1995/04/03
)
(/usr/local/texlive/2017/texmf-dist/tex/latex/fp/fp-trigo.sty
Package: fp-trigo 1995/04/14
)
(/usr/local/texlive/2017/texmf-dist/tex/latex/fp/fp-pas.sty
Package: fp-pas 1994/08/29
)
(/usr/local/texlive/2017/texmf-dist/tex/latex/fp/fp-random.sty
Package: fp-random 1995/02/23
\FPseed=\count162
)
(/usr/local/texlive/2017/texmf-dist/tex/latex/fp/fp-eqn.sty
Package: fp-eqn 1995/04/03
)
(/usr/local/texlive/2017/texmf-dist/tex/latex/fp/fp-upn.sty
Package: fp-upn 1996/10/21
)
(/usr/local/texlive/2017/texmf-dist/tex/latex/fp/fp-eval.sty
Package: fp-eval 1995/04/03
))
(/usr/local/texlive/2017/texmf-dist/tex/latex/tools/calc.sty
Package: calc 2014/10/28 v4.3 Infix arithmetic (KKT,FJ)
\calc@Acount=\count163
\calc@Bcount=\count164
\calc@Adimen=\dimen142
\calc@Bdimen=\dimen143
\calc@Askip=\skip83
\calc@Bskip=\skip84
LaTeX Info: Redefining \setlength on input line 80.
LaTeX Info: Redefining \addtolength on input line 81.
\calc@Ccount=\count165
\calc@Cskip=\skip85
)
\diagbox@boxa=\box40
\diagbox@boxb=\box41
\diagbox@boxm=\box42
\diagbox@wd=\dimen144
\diagbox@ht=\dimen145
\diagbox@insepl=\dimen146
\diagbox@insepr=\dimen147
\diagbox@outsepl=\dimen148
\diagbox@outsepr=\dimen149
)
(/usr/local/texlive/2017/texmf-dist/tex/latex/booktabs/booktabs.sty
Package: booktabs 2016/04/27 v1.618033 publication quality tables
\heavyrulewidth=\dimen150
\lightrulewidth=\dimen151
\cmidrulewidth=\dimen152
\belowrulesep=\dimen153
\belowbottomsep=\dimen154
\aboverulesep=\dimen155
\abovetopsep=\dimen156
\cmidrulesep=\dimen157
\cmidrulekern=\dimen158
\defaultaddspace=\dimen159
\@cmidla=\count166
\@cmidlb=\count167
\@aboverulesep=\dimen160
\@belowrulesep=\dimen161
\@thisruleclass=\count168
\@lastruleclass=\count169
\@thisrulewidth=\dimen162
)
(/usr/local/texlive/2017/texmf-dist/tex/latex/tools/verbatim.sty
Package: verbatim 2014/10/28 v1.5q LaTeX2e package for verbatim enhancements
\every@verbatim=\toks31
\verbatim@line=\toks32
\verbatim@in@stream=\read1
)
(/usr/local/texlive/2017/texmf-dist/tex/latex/wrapfig/wrapfig.sty
\wrapoverhang=\dimen163
\WF@size=\dimen164
\c@WF@wrappedlines=\count170
\WF@box=\box43
\WF@everypar=\toks33
Package: wrapfig 2003/01/31  v 3.6
)
(/usr/local/texlive/2017/texmf-dist/tex/latex/makecell/makecell.sty
Package: makecell 2009/08/03 V0.1e Managing of Tab Column Heads and Cells
\rotheadsize=\dimen165
\c@nlinenum=\count171
\TeXr@lab=\toks34
)
(./main.aux)
\openout1 = `main.aux'.

LaTeX Font Info:    Checking defaults for OML/cmm/m/it on input line 47.
LaTeX Font Info:    ... okay on input line 47.
LaTeX Font Info:    Checking defaults for T1/cmr/m/n on input line 47.
LaTeX Font Info:    ... okay on input line 47.
LaTeX Font Info:    Checking defaults for OT1/cmr/m/n on input line 47.
LaTeX Font Info:    ... okay on input line 47.
LaTeX Font Info:    Checking defaults for OMS/cmsy/m/n on input line 47.
LaTeX Font Info:    ... okay on input line 47.
LaTeX Font Info:    Checking defaults for OMX/cmex/m/n on input line 47.
LaTeX Font Info:    ... okay on input line 47.
LaTeX Font Info:    Checking defaults for U/cmr/m/n on input line 47.
LaTeX Font Info:    ... okay on input line 47.
LaTeX Font Info:    Checking defaults for PD1/pdf/m/n on input line 47.
LaTeX Font Info:    ... okay on input line 47.
LaTeX Font Info:    Try loading font information for OT1+ptm on input line 47.
 (/usr/local/texlive/2017/texmf-dist/tex/latex/psnfss/ot1ptm.fd
File: ot1ptm.fd 2001/06/04 font definitions for OT1/ptm.
)
ABD: EveryShipout initializing macros
(/usr/local/texlive/2017/texmf-dist/tex/latex/graphics/color.sty
Package: color 2016/07/10 v1.1e Standard LaTeX Color (DPC)

(/usr/local/texlive/2017/texmf-dist/tex/latex/graphics-cfg/color.cfg
File: color.cfg 2016/01/02 v1.6 sample color configuration
)
Package color Info: Driver file: pdftex.def on input line 147.
)
(/usr/local/texlive/2017/texmf-dist/tex/context/base/mkii/supp-pdf.mkii
[Loading MPS to PDF converter (version 2006.09.02).]
\scratchcounter=\count172
\scratchdimen=\dimen166
\scratchbox=\box44
\nofMPsegments=\count173
\nofMParguments=\count174
\everyMPshowfont=\toks35
\MPscratchCnt=\count175
\MPscratchDim=\dimen167
\MPnumerator=\count176
\makeMPintoPDFobject=\count177
\everyMPtoPDFconversion=\toks36
) (/usr/local/texlive/2017/texmf-dist/tex/latex/oberdiek/epstopdf-base.sty
Package: epstopdf-base 2016/05/15 v2.6 Base part for package epstopdf

(/usr/local/texlive/2017/texmf-dist/tex/latex/oberdiek/grfext.sty
Package: grfext 2016/05/16 v1.2 Manage graphics extensions (HO)
)
Package epstopdf-base Info: Redefining graphics rule for `.eps' on input line 4
38.
Package grfext Info: Graphics extension search list:
(grfext)             [.pdf,.png,.jpg,.mps,.jpeg,.jbig2,.jb2,.PNG,.PDF,.JPG,.JPE
G,.JBIG2,.JB2,.eps]
(grfext)             \AppendGraphicsExtensions on input line 456.

(/usr/local/texlive/2017/texmf-dist/tex/latex/latexconfig/epstopdf-sys.cfg
File: epstopdf-sys.cfg 2010/07/13 v1.3 Configuration of (r)epstopdf for TeX Liv
e
))
\AtBeginShipoutBox=\box45
Package atbegshi Info: Package `everyshi' patched.
Package hyperref Info: Link coloring ON on input line 47.

(/usr/local/texlive/2017/texmf-dist/tex/latex/hyperref/nameref.sty
Package: nameref 2016/05/21 v2.44 Cross-referencing by name of section

(/usr/local/texlive/2017/texmf-dist/tex/generic/oberdiek/gettitlestring.sty
Package: gettitlestring 2016/05/16 v1.5 Cleanup title references (HO)
)
\c@section@level=\count178
)
LaTeX Info: Redefining \ref on input line 47.
LaTeX Info: Redefining \pageref on input line 47.
LaTeX Info: Redefining \nameref on input line 47.
LaTeX Info: Redefining \celsius on input line 47.
Package gensymb Info: Faking symbols for \degree and \celsius on input line 47.



Package gensymb Warning: Not defining \perthousand.

LaTeX Info: Redefining \ohm on input line 47.
Package gensymb Info: Using \Omega for \ohm on input line 47.

Package gensymb Warning: Not defining \micro.

LaTeX Font Info:    Font shape `OT1/ptm/bx/n' in size <14.4> not available
(Font)              Font shape `OT1/ptm/b/n' tried instead on input line 58.
LaTeX Font Info:    Font shape `OT1/ptm/bx/it' in size <14.4> not available
(Font)              Font shape `OT1/ptm/b/it' tried instead on input line 58.
LaTeX Font Info:    Try loading font information for U+msa on input line 58.
(/usr/local/texlive/2017/texmf-dist/tex/latex/amsfonts/umsa.fd
File: umsa.fd 2013/01/14 v3.01 AMS symbols A
)
LaTeX Font Info:    Try loading font information for U+msb on input line 58.

(/usr/local/texlive/2017/texmf-dist/tex/latex/amsfonts/umsb.fd
File: umsb.fd 2013/01/14 v3.01 AMS symbols B
)
LaTeX Font Info:    Font shape `OT1/ptm/bx/n' in size <12> not available
(Font)              Font shape `OT1/ptm/b/n' tried instead on input line 59.
LaTeX Font Info:    Font shape `OT1/ptm/bx/it' in size <10> not available
(Font)              Font shape `OT1/ptm/b/it' tried instead on input line 60.

Underfull \hbox (badness 5147) in paragraph at lines 85--86
[]\OT1/ptm/m/n/10 The Channel-aware Rout-ing Pro-to-col (CARP) by
 []


Underfull \hbox (badness 1082) in paragraph at lines 85--86
\OT1/ptm/m/n/10 re-li-able net-work-ing as never seen be-fore for UWSNs.
 []

LaTeX Font Info:    Font shape `OT1/ptm/bx/n' in size <10> not available
(Font)              Font shape `OT1/ptm/b/n' tried instead on input line 91.
[1{/usr/local/texlive/2017/texmf-var/fonts/map/pdftex/updmap/pdftex.map}


]
<figure/energy_harvest.jpg, id=29, 288.07625pt x 211.79124pt>
File: figure/energy_harvest.jpg Graphic file (type jpg)

<use figure/energy_harvest.jpg>
Package pdftex.def Info: figure/energy_harvest.jpg used on input line 104.
(pdftex.def)             Requested size: 223.58379pt x 164.38213pt.
LaTeX Font Info:    Try loading font information for OMS+ptm on input line 147.


(/usr/local/texlive/2017/texmf-dist/tex/latex/psnfss/omsptm.fd
File: omsptm.fd 
)
LaTeX Font Info:    Font shape `OMS/ptm/m/n' in size <10> not available
(Font)              Font shape `OMS/cmsy/m/n' tried instead on input line 147.

Overfull \hbox (4.31668pt too wide) detected at line 176
\OML/cmm/m/it/8 r[]\OT1/cmr/m/n/8 (\OML/cmm/m/it/8 s; a\OT1/cmr/m/n/8 ) = []
 []

[2pdfTeX warning (ext4): destination with the same identifier (name{figure.1}) 
has been already used, duplicate ignored

\@EveryShipout@Output ...@Org@Shipout \box \@cclv 
                                                  
l.180 		\item $
               e_i(s,a)$ is composed of:pdfTeX warning (ext4): destination with
 the same identifier (name{algocf.1}) has been already used, duplicate ignored

\@EveryShipout@Output ...@Org@Shipout \box \@cclv 
                                                  
l.180 		\item $
               e_i(s,a)$ is composed of:pdfTeX warning (ext4): destination with
 the same identifier (name{algocf.2}) has been already used, duplicate ignored

\@EveryShipout@Output ...@Org@Shipout \box \@cclv 
                                                  
l.180 		\item $
               e_i(s,a)$ is composed of: <./figure/energy_harvest.jpg>]
Underfull \hbox (badness 1033) in paragraph at lines 192--194
\OT1/ptm/m/n/10 is broad-cast and dy-nam-i-cally up-dated in the
 []


Underfull \hbox (badness 2735) in paragraph at lines 209--210
[]\OT1/ptm/m/n/10 As the SUN-SET (Sapienza Uni-ver-sity Net-work-ing
 []

<figure/1.pdf, id=59, 963.6pt x 542.025pt>
File: figure/1.pdf Graphic file (type pdf)
 <use figure/1.pdf>
Package pdftex.def Info: figure/1.pdf used on input line 225.
(pdftex.def)             Requested size: 248.42812pt x 139.74046pt.

Overfull \hbox (11.29218pt too wide) in paragraph at lines 225--226
 [][] 
 []

[3pdfTeX warning (ext4): destination with the same identifier (name{figure.2}) 
has been already used, duplicate ignored

\@EveryShipout@Output ...@Org@Shipout \box \@cclv 
                                                  
l.234 	\begin{itemize}
                       <./figure/1.pdf>]
Overfull \hbox (10.86177pt too wide) in paragraph at lines 267--292
 [][] 
 []

<figure/visual.png, id=87, 629.2308pt x 374.3586pt>
File: figure/visual.png Graphic file (type png)
 <use figure/visual.png>
Package pdftex.def Info: figure/visual.png used on input line 297.
(pdftex.def)             Requested size: 223.58379pt x 133.02104pt.

[4pdfTeX warning (ext4): destination with the same identifier (name{table.1}) h
as been already used, duplicate ignored

\@EveryShipout@Output ...@Org@Shipout \box \@cclv 
                                                  
l.304 	\item A
              ll-off time, namely, the fraction of simulation time (percenta...
] <figure/all-off-paper.png, id=109, 357.9774pt x 191.2746pt>
File: figure/all-off-paper.png Graphic file (type png)

<use figure/all-off-paper.png>
Package pdftex.def Info: figure/all-off-paper.png used on input line 309.
(pdftex.def)             Requested size: 106.71045pt x 57.01797pt.

<figure/all-off-our.png, id=110, 290.0436pt x 191.2746pt>
File: figure/all-off-our.png Graphic file (type png)

<use figure/all-off-our.png>
Package pdftex.def Info: figure/all-off-our.png used on input line 312.
(pdftex.def)             Requested size: 82.99902pt x 54.73563pt.

<figure/PDR-paper.png, id=112, 357.9774pt x 200.4288pt>
File: figure/PDR-paper.png Graphic file (type png)

<use figure/PDR-paper.png>
Package pdftex.def Info: figure/PDR-paper.png used on input line 321.
(pdftex.def)             Requested size: 106.71045pt x 59.74681pt.

<figure/PDR-our.png, id=113, 299.6796pt x 199.4652pt>
File: figure/PDR-our.png Graphic file (type png)
 <use figure/PDR-our.png>
Package pdftex.def Info: figure/PDR-our.png used on input line 324.
(pdftex.def)             Requested size: 82.99902pt x 55.24419pt.

<figure/routing-change.png, id=115, 517.935pt x 345.9324pt>
File: figure/routing-change.png Graphic file (type png)

<use figure/routing-change.png>
Package pdftex.def Info: figure/routing-change.png used on input line 335.
(pdftex.def)             Requested size: 248.42812pt x 165.92953pt.

Overfull \hbox (11.29218pt too wide) in paragraph at lines 335--336
 [][] 
 []


Underfull \vbox (badness 5064) has occurred while \output is active []

 [5pdfTeX warning (ext4): destination with the same identifier (name{figure.3})
 has been already used, duplicate ignored

\@EveryShipout@Output ...@Org@Shipout \box \@cclv 
                                                  
l.351 
      pdfTeX warning (ext4): destination with the same identifier (name{figure.
4}) has been already used, duplicate ignored

\@EveryShipout@Output ...@Org@Shipout \box \@cclv 
                                                  
l.351 
      pdfTeX warning (ext4): destination with the same identifier (name{figure.
5}) has been already used, duplicate ignored

\@EveryShipout@Output ...@Org@Shipout \box \@cclv 
                                                  
l.351 
      pdfTeX warning (ext4): destination with the same identifier (name{figure.
6}) has been already used, duplicate ignored

\@EveryShipout@Output ...@Org@Shipout \box \@cclv 
                                                  
l.351 
       <./figure/visual.png> <./figure/all-off-paper.png> <./figure/all-off-our
.png> <./figure/PDR-paper.png> <./figure/PDR-our.png> <./figure/routing-change.
png>] (./main.bbl
LaTeX Font Info:    Try loading font information for OT1+pcr on input line 5.

(/usr/local/texlive/2017/texmf-dist/tex/latex/psnfss/ot1pcr.fd
File: ot1pcr.fd 2001/06/04 font definitions for OT1/pcr.
))
Package atveryend Info: Empty hook `BeforeClearDocument' on input line 366.
 [6]
Package atveryend Info: Empty hook `AfterLastShipout' on input line 366.

(./main.aux)
Package atveryend Info: Executing hook `AtVeryEndDocument' on input line 366.
Package atveryend Info: Empty hook `AtEndAfterFileList' on input line 366.
Package atveryend Info: Empty hook `AtVeryVeryEnd' on input line 366.
 )
(\end occurred inside a group at level 1)

### simple group (level 1) entered at line 1061 ({)
### bottom level 
Here is how much of TeX's memory you used:
 9990 strings out of 492995
 141970 string characters out of 6132704
 371408 words of memory out of 5000000
 13219 multiletter control sequences out of 15000+600000
 40789 words of font info for 97 fonts, out of 8000000 for 9000
 1141 hyphenation exceptions out of 8191
 34i,15n,26p,786b,4038s stack positions out of 5000i,500n,10000p,200000b,80000s
{/usr/local/texlive/2017/texmf-dist/fonts/enc/dvips/base/8r.enc
}</usr/local/texlive/2017/texmf-dist/fonts/type1/public/amsfonts/cm/cmex10.pfb>
</usr/local/texlive/2017/texmf-dist/fonts/type1/public/amsfonts/cmextra/cmex8.p
fb></usr/local/texlive/2017/texmf-dist/fonts/type1/public/amsfonts/cm/cmmi10.pf
b></usr/local/texlive/2017/texmf-dist/fonts/type1/public/amsfonts/cm/cmmi5.pfb>
</usr/local/texlive/2017/texmf-dist/fonts/type1/public/amsfonts/cm/cmmi6.pfb></
usr/local/texlive/2017/texmf-dist/fonts/type1/public/amsfonts/cm/cmmi7.pfb></us
r/local/texlive/2017/texmf-dist/fonts/type1/public/amsfonts/cm/cmmi8.pfb></usr/
local/texlive/2017/texmf-dist/fonts/type1/public/amsfonts/cm/cmr10.pfb></usr/lo
cal/texlive/2017/texmf-dist/fonts/type1/public/amsfonts/cm/cmr7.pfb></usr/local
/texlive/2017/texmf-dist/fonts/type1/public/amsfonts/cm/cmr8.pfb></usr/local/te
xlive/2017/texmf-dist/fonts/type1/public/amsfonts/cm/cmsy10.pfb></usr/local/tex
live/2017/texmf-dist/fonts/type1/public/amsfonts/cm/cmsy5.pfb></usr/local/texli
ve/2017/texmf-dist/fonts/type1/public/amsfonts/cm/cmsy7.pfb></usr/local/texlive
/2017/texmf-dist/fonts/type1/public/amsfonts/cm/cmsy8.pfb></usr/local/texlive/2
017/texmf-dist/fonts/type1/public/amsfonts/symbols/msbm10.pfb></usr/local/texli
ve/2017/texmf-dist/fonts/type1/urw/courier/ucrr8a.pfb></usr/local/texlive/2017/
texmf-dist/fonts/type1/urw/times/utmb8a.pfb></usr/local/texlive/2017/texmf-dist
/fonts/type1/urw/times/utmbi8a.pfb></usr/local/texlive/2017/texmf-dist/fonts/ty
pe1/urw/times/utmr8a.pfb></usr/local/texlive/2017/texmf-dist/fonts/type1/urw/ti
mes/utmr8a.pfb></usr/local/texlive/2017/texmf-dist/fonts/type1/urw/times/utmri8
a.pfb>
Output written on main.pdf (6 pages, 778208 bytes).
PDF statistics:
 230 PDF objects out of 1000 (max. 8388607)
 183 compressed objects within 2 object streams
 61 named destinations out of 1000 (max. 500000)
 41 words of extra memory for PDF output out of 10000 (max. 10000000)

